c:\users\xiaoweilin\desktop\cpp_projects\tutorial_pointer\tutorial_pointer\debug\vc142.pdb
c:\users\xiaoweilin\desktop\cpp_projects\tutorial_pointer\tutorial_pointer\debug\vc142.idb
c:\users\xiaoweilin\desktop\cpp_projects\tutorial_pointer\tutorial_pointer\debug\func_realization.obj
c:\users\xiaoweilin\desktop\cpp_projects\tutorial_pointer\tutorial_pointer\debug\pointer_1.obj
c:\users\xiaoweilin\desktop\cpp_projects\tutorial_pointer\debug\tutorial_pointer.pdb
c:\users\xiaoweilin\desktop\cpp_projects\tutorial_pointer\tutorial_pointer\debug\tutorial_pointer.tlog\cl.command.1.tlog
c:\users\xiaoweilin\desktop\cpp_projects\tutorial_pointer\tutorial_pointer\debug\tutorial_pointer.tlog\cl.read.1.tlog
c:\users\xiaoweilin\desktop\cpp_projects\tutorial_pointer\tutorial_pointer\debug\tutorial_pointer.tlog\cl.write.1.tlog
c:\users\xiaoweilin\desktop\cpp_projects\tutorial_pointer\tutorial_pointer\debug\tutorial_pointer.tlog\link-cvtres.read.1.tlog
c:\users\xiaoweilin\desktop\cpp_projects\tutorial_pointer\tutorial_pointer\debug\tutorial_pointer.tlog\link-cvtres.write.1.tlog
c:\users\xiaoweilin\desktop\cpp_projects\tutorial_pointer\tutorial_pointer\debug\tutorial_pointer.tlog\link-rc.read.1.tlog
c:\users\xiaoweilin\desktop\cpp_projects\tutorial_pointer\tutorial_pointer\debug\tutorial_pointer.tlog\link-rc.write.1.tlog
c:\users\xiaoweilin\desktop\cpp_projects\tutorial_pointer\tutorial_pointer\debug\tutorial_pointer.tlog\link.20892-cvtres.read.1.tlog
c:\users\xiaoweilin\desktop\cpp_projects\tutorial_pointer\tutorial_pointer\debug\tutorial_pointer.tlog\link.20892-cvtres.write.1.tlog
c:\users\xiaoweilin\desktop\cpp_projects\tutorial_pointer\tutorial_pointer\debug\tutorial_pointer.tlog\link.20892-rc.read.1.tlog
c:\users\xiaoweilin\desktop\cpp_projects\tutorial_pointer\tutorial_pointer\debug\tutorial_pointer.tlog\link.20892-rc.write.1.tlog
c:\users\xiaoweilin\desktop\cpp_projects\tutorial_pointer\tutorial_pointer\debug\tutorial_pointer.tlog\link.20892.read.1.tlog
c:\users\xiaoweilin\desktop\cpp_projects\tutorial_pointer\tutorial_pointer\debug\tutorial_pointer.tlog\link.20892.write.1.tlog
c:\users\xiaoweilin\desktop\cpp_projects\tutorial_pointer\tutorial_pointer\debug\tutorial_pointer.tlog\link.command.1.tlog
c:\users\xiaoweilin\desktop\cpp_projects\tutorial_pointer\tutorial_pointer\debug\tutorial_pointer.tlog\link.read.1.tlog
c:\users\xiaoweilin\desktop\cpp_projects\tutorial_pointer\tutorial_pointer\debug\tutorial_pointer.tlog\link.write.1.tlog
