e:\desktop\cpp_projects\tutorial_template_class\tutorial_template_class\debug\vc142.pdb
e:\desktop\cpp_projects\tutorial_template_class\tutorial_template_class\debug\vc142.idb
e:\desktop\cpp_projects\tutorial_template_class\tutorial_template_class\debug\generalarray.obj
e:\desktop\cpp_projects\tutorial_template_class\tutorial_template_class\debug\08_example_general_array.obj
e:\desktop\cpp_projects\tutorial_template_class\tutorial_template_class\debug\07_class_template_and_friend_class.obj
e:\desktop\cpp_projects\tutorial_template_class\tutorial_template_class\debug\06_class_template_in_separate_files.obj
e:\desktop\cpp_projects\tutorial_template_class\tutorial_template_class\debug\05_member_function_in_a_class_template_realized_outside.obj
e:\desktop\cpp_projects\tutorial_template_class\tutorial_template_class\debug\04_class_template_inheritance.obj
e:\desktop\cpp_projects\tutorial_template_class\tutorial_template_class\debug\03_instance_of_a_class_template_as_the_function_parameter.obj
e:\desktop\cpp_projects\tutorial_template_class\tutorial_template_class\debug\02_class_template_member_function.obj
e:\desktop\cpp_projects\tutorial_template_class\tutorial_template_class\debug\01_basics.obj
e:\desktop\cpp_projects\tutorial_template_class\tutorial_template_class\debug\myarray.obj
e:\desktop\cpp_projects\tutorial_template_class\tutorial_template_class\debug\main.obj
e:\desktop\cpp_projects\tutorial_template_class\debug\tutorial_template_class.exe
e:\desktop\cpp_projects\tutorial_template_class\tutorial_template_class\debug\tutorial_template_class.ilk
e:\desktop\cpp_projects\tutorial_template_class\debug\tutorial_template_class.pdb
e:\desktop\cpp_projects\tutorial_template_class\tutorial_template_class\debug\08.obj
e:\desktop\cpp_projects\tutorial_template_class\tutorial_template_class\debug\tutorial.997ffd25.tlog\cl.command.1.tlog
e:\desktop\cpp_projects\tutorial_template_class\tutorial_template_class\debug\tutorial.997ffd25.tlog\cl.read.1.tlog
e:\desktop\cpp_projects\tutorial_template_class\tutorial_template_class\debug\tutorial.997ffd25.tlog\cl.write.1.tlog
e:\desktop\cpp_projects\tutorial_template_class\tutorial_template_class\debug\tutorial.997ffd25.tlog\link.command.1.tlog
e:\desktop\cpp_projects\tutorial_template_class\tutorial_template_class\debug\tutorial.997ffd25.tlog\link.read.1.tlog
e:\desktop\cpp_projects\tutorial_template_class\tutorial_template_class\debug\tutorial.997ffd25.tlog\link.write.1.tlog
