C:\Program Files (x86)\Microsoft Visual Studio\2019\Community\MSBuild\Microsoft\VC\v160\Microsoft.CppBuild.targets(513,5): warning MSB8028: 中间目录(Debug\)包含从另一个项目(Tutorial_OOP.vcxproj)共享的文件。   这会导致错误的清除和重新生成行为。
  Bro.cpp
  building.cpp
  circle.cpp
  point.cpp
  Tutorial_OOP_example_CirclePoint.cpp
  Tutorial_OOP_const-member-function.cpp
  Tutorial_OOP_constructer-destructor.cpp
  Tutorial_OOP_example_Cube.cpp
  Tutorial_OOP_deep-shallow-copy.cpp
  Tutorial_OOP_empty-pointer-access-member-function.cpp
  Tutorial_OOP_encapsulation.cpp
  Tutorial_OOP_private-attributes.cpp
  Tutorial_OOP_friend.cpp
  Tutorial_OOP_Initialization-list.cpp
  Tutorial_OOP_object-in-object.cpp
  Tutorial_OOP_static-member.cpp
  Tutorial_OOP_this-pointer.cpp
  正在生成代码...
  Tutorial_OOP_Encapsulation.vcxproj -> E:\Desktop\CPP_Projects\Tutorial_OOP_Encapsulation\Debug\Tutorial_OOP_Encapsulation.exe
